<?xml version="1.0" encoding="UTF-8"?>
<testsuite name="piano.OtherTest" tests="2" skipped="0" failures="0" errors="0" timestamp="2020-05-27T02:17:02" hostname="RISHABH_PC" time="0.757">
  <properties/>
  <testcase name="ChangeInstrumentTest" classname="piano.OtherTest" time="0.412"/>
  <testcase name="save" classname="piano.OtherTest" time="0.345"/>
  <system-out><![CDATA[]]></system-out>
  <system-err><![CDATA[]]></system-err>
</testsuite>
