<?xml version="1.0" encoding="UTF-8"?>
<testsuite name="piano.PianoTest" tests="4" skipped="0" failures="0" errors="0" timestamp="2020-05-27T02:17:03" hostname="RISHABH_PC" time="1.179">
  <properties/>
  <testcase name="pianoSoundTest" classname="piano.PianoTest" time="0.344"/>
  <testcase name="pianoTickTest" classname="piano.PianoTest" time="0.286"/>
  <testcase name="pianoCheckTest" classname="piano.PianoTest" time="0.287"/>
  <testcase name="soundOff" classname="piano.PianoTest" time="0.259"/>
  <system-out><![CDATA[]]></system-out>
  <system-err><![CDATA[]]></system-err>
</testsuite>
